01-02-2018 19:30 méthode start() com.microsoft.sqlserver.jdbc.SQLServerDriver
01-02-2018 19:45 méthode start() com.microsoft.sqlserver.jdbc.SQLServerDriver
01-02-2018 19:54 méthode start() com.microsoft.sqlserver.jdbc.SQLServerDriver
01-02-2018 20:05 méthode start() com.microsoft.sqlserver.jdbc.SQLServerDriver
01-02-2018 20:06 méthode start() com.microsoft.sqlserver.jdbc.SQLServerDriver
01-02-2018 20:06 méthode start() com.microsoft.sqlserver.jdbc.SQLServerDriver
01-02-2018 20:09 méthode start() com.microsoft.sqlserver.jdbc.SQLServerDriver
05-02-2018 21:07 méthode start() com.microsoft.sqlserver.jdbc.SQLServerDriver
05-02-2018 21:27 méthode start() com.microsoft.sqlserver.jdbc.SQLServerDriver
05-02-2018 21:36 méthode start() com.microsoft.sqlserver.jdbc.SQLServerDriver
05-02-2018 21:37 méthode start() com.microsoft.sqlserver.jdbc.SQLServerDriver
05-02-2018 21:42 méthode start() com.microsoft.sqlserver.jdbc.SQLServerDriver
05-02-2018 22:06 méthode start() com.microsoft.sqlserver.jdbc.SQLServerDriver
05-02-2018 22:30 méthode start() com.microsoft.sqlserver.jdbc.SQLServerDriver
05-02-2018 22:30 méthode start() com.microsoft.sqlserver.jdbc.SQLServerDriver
05-02-2018 22:31 méthode start() com.microsoft.sqlserver.jdbc.SQLServerDriver
05-02-2018 22:31 méthode start() com.microsoft.sqlserver.jdbc.SQLServerDriver
05-02-2018 22:32 méthode start() com.microsoft.sqlserver.jdbc.SQLServerDriver
05-02-2018 22:33 méthode start() com.microsoft.sqlserver.jdbc.SQLServerDriver
05-02-2018 22:34 méthode start() com.microsoft.sqlserver.jdbc.SQLServerDriver
05-02-2018 22:34 méthode start() com.microsoft.sqlserver.jdbc.SQLServerDriver
05-02-2018 22:35 méthode start() com.microsoft.sqlserver.jdbc.SQLServerDriver
06-02-2018 14:55 méthode start() com.microsoft.sqlserver.jdbc.SQLServerDriver
06-02-2018 15:11 méthode start() com.microsoft.sqlserver.jdbc.SQLServerDriver
06-02-2018 15:12 méthode start() com.microsoft.sqlserver.jdbc.SQLServerDriver
06-02-2018 15:12 méthode start() com.microsoft.sqlserver.jdbc.SQLServerDriver
06-02-2018 15:13 méthode start() com.microsoft.sqlserver.jdbc.SQLServerDriver
06-02-2018 15:13 méthode start() com.microsoft.sqlserver.jdbc.SQLServerDriver
06-02-2018 15:15 méthode start() com.microsoft.sqlserver.jdbc.SQLServerDriver
06-02-2018 15:16 méthode start() No suitable driver found for jdbc:sqlserver://localhost:1433;database=WEBSHOP;user=genial;password=super;
06-02-2018 15:17 méthode start() No suitable driver found for jdbc:sqlserver://localhost:1433;database=WEBSHOP;user=genial;password=super;
24-01-2019 20:23 méthode start() Login failed for user 'ROLAND-PColan'. ClientConnectionId:4edf0750-fa14-4712-a9a1-7d60151152b7
24-01-2019 20:24 méthode start() Login failed for user 'rolan'. ClientConnectionId:8170e8c9-f9aa-4c33-bfda-e3a1e3abbc79
03-02-2019 18:13 -- classe AjouterBiere -- méthode BAjouterBiere() -- For input string: ""
03-02-2019 18:43 -- classe AjouterBiere -- méthode BAjouterBiere() -- null
03-02-2019 18:45 -- classe AjouterBiere -- méthode BAjouterBiere() -- null
03-02-2019 18:46 -- classe AjouterBiere -- méthode BAjouterBiere() -- For input string: ""
03-02-2019 18:48 -- classe AjouterBiere -- méthode BAjouterBiere() -- null
03-02-2019 18:49 -- classe AjouterBiere -- méthode BAjouterBiere() -- For input string: ""
03-02-2019 18:56 -- classe AjouterBiere -- méthode BAjouterBiere() -- null
03-02-2019 19:06 -- classe AjouterBiere -- méthode BAjouterBiere() -- null
03-02-2019 19:16 -- classe AjouterBiere -- méthode BAjouterBiere() -- null
03-02-2019 19:22 -- classe AjouterBiere -- méthode BAjouterBiere() -- null
03-02-2019 19:27 -- classe AjouterBiere -- méthode BAjouterBiere() -- null
03-02-2019 21:08 -- classe AjouterBiere -- méthode BAjouterBiere() -- null
07-02-2019 18:03 -- classe AjouterBiere -- méthode BAjouterBiere() -- null
07-02-2019 18:20 -- classe AjouterBiere -- méthode BAjouterBiere() -- null
07-02-2019 18:21 -- classe AjouterBiere -- méthode BAjouterBiere() -- null
07-02-2019 18:22 -- classe AjouterBiere -- méthode BAjouterBiere() -- null
07-02-2019 18:26 -- classe AjouterBiere -- méthode BAjouterBiere() -- null
07-02-2019 18:39 -- classe AjouterBiere -- méthode BAjouterBiere() -- Column name or number of supplied values does not match table definition.
07-02-2019 18:43 -- classe AjouterBiere -- méthode BAjouterBiere() -- Column name or number of supplied values does not match table definition.
07-02-2019 18:47 -- classe AjouterBiere -- méthode BAjouterBiere() -- Column name or number of supplied values does not match table definition.
07-02-2019 18:47 -- classe AjouterBiere -- méthode BAjouterBiere() -- Column name or number of supplied values does not match table definition.
07-02-2019 18:52 -- classe AjouterBiere -- méthode BAjouterBiere() -- Column name or number of supplied values does not match table definition.
07-02-2019 18:56 -- classe AjouterBiere -- méthode BAjouterBiere() -- Column name or number of supplied values does not match table definition.
07-02-2019 18:58 -- classe AjouterBiere -- méthode BAjouterBiere() -- The index 6 is out of range.
07-02-2019 19:14 -- classe AjouterBiere -- méthode BAjouterBiere() -- The index 6 is out of range.
07-02-2019 19:18 -- classe AjouterBiere -- méthode BAjouterBiere() -- null
07-02-2019 19:28 -- classe AjouterBiere -- méthode BAjouterBiere() -- null
07-02-2019 19:40 -- classe AjouterBiere -- méthode BAjouterBiere() -- For input string: ""
10-02-2019 16:26 -- classe ListerBiere -- méthode ListerBiere() -- Incorrect syntax near the keyword 'by'.
10-02-2019 16:27 -- classe ListerBiere -- méthode ListerBiere() -- Incorrect syntax near the keyword 'by'.
10-02-2019 16:27 -- classe ListerBiere -- méthode ListerBiere() -- Incorrect syntax near the keyword 'by'.
10-02-2019 16:29 -- classe ListerBiere -- méthode ListerBiere() -- Incorrect syntax near the keyword 'by'.
12-02-2019 18:30 -- classe ModifierProduit -- méthode BModifierproduit() -- Incorrect syntax near '='.
12-02-2019 18:32 -- classe ModifierProduit -- méthode BModifierproduit() -- Incorrect syntax near 'Active'.
12-02-2019 18:34 -- classe ModifierProduit -- méthode BModifierproduit() -- Incorrect syntax near 'Active'.
12-02-2019 18:34 -- classe ModifierProduit -- méthode BModifierproduit() -- Incorrect syntax near the keyword 'WHERE'.
12-02-2019 18:35 -- classe ModifierProduit -- méthode BModifierproduit() -- Incorrect syntax near the keyword 'WHERE'.
12-02-2019 19:02 -- classe ModifierProduit -- méthode BModifierProduit() -- java.lang.String cannot be cast to java.lang.Boolean
12-02-2019 19:03 -- classe ModifierProduit -- méthode BModifierProduit() -- java.lang.String cannot be cast to java.lang.Boolean
12-02-2019 19:03 -- classe ModifierProduit -- méthode BModifierProduit() -- java.lang.String cannot be cast to java.lang.Boolean
12-02-2019 19:04 -- classe ModifierProduit -- méthode BModifierProduit() -- java.lang.String cannot be cast to java.lang.Boolean
12-02-2019 19:09 -- classe ModifierProduit -- méthode BModifierProduit() -- java.lang.String cannot be cast to java.lang.Boolean
12-02-2019 19:09 -- classe ModifierProduit -- méthode BModifierProduit() -- java.lang.String cannot be cast to java.lang.Boolean
12-02-2019 19:18 -- classe ModifierProduit -- méthode BModifierProduit() -- java.lang.String cannot be cast to java.lang.Boolean
12-02-2019 19:18 -- classe ModifierProduit -- méthode BModifierProduit() -- java.lang.String cannot be cast to java.lang.Boolean
12-02-2019 19:21 -- classe ModifierProduit -- méthode BModifierProduit() -- java.lang.String cannot be cast to java.lang.Boolean
12-02-2019 19:24 -- classe ModifierProduit -- méthode BModifierProduit() -- java.lang.String cannot be cast to java.lang.Boolean
12-02-2019 19:24 -- classe ModifierProduit -- méthode BModifierProduit() -- java.lang.String cannot be cast to java.lang.Boolean
12-02-2019 19:24 -- classe ModifierProduit -- méthode BModifierProduit() -- java.lang.String cannot be cast to java.lang.Boolean
12-02-2019 19:26 -- classe ModifierProduit -- méthode BModifierProduit() -- java.lang.String cannot be cast to java.lang.Boolean
12-02-2019 19:30 -- classe ModifierProduit -- méthode BModifierProduit() -- java.lang.String cannot be cast to java.lang.Boolean
12-02-2019 19:32 -- classe ModifierProduit -- méthode BModifierProduit() -- java.lang.String cannot be cast to java.lang.Boolean
12-02-2019 19:35 -- classe ModifierProduit -- méthode BModifierProduit() -- java.lang.String cannot be cast to java.lang.Boolean
12-02-2019 19:50 -- classe ModifierProduit -- méthode BModifierProduit() -- java.lang.String cannot be cast to java.lang.Boolean
12-02-2019 19:57 -- classe ModifierProduit -- méthode BModifierProduit() -- java.lang.String cannot be cast to java.lang.Boolean
12-02-2019 19:58 -- classe ModifierProduit -- méthode BModifierProduit() -- java.lang.String cannot be cast to java.lang.Boolean
12-02-2019 19:58 -- classe ModifierProduit -- méthode BModifierProduit() -- java.lang.String cannot be cast to java.lang.Boolean
12-02-2019 20:20 -- classe ModifierProduit -- méthode BModifierProduit() -- java.lang.String cannot be cast to java.lang.Boolean
12-02-2019 20:39 -- classe ModifierProduit -- méthode BModifierProduit() -- java.lang.String cannot be cast to java.lang.Boolean
12-02-2019 20:41 -- classe ModifierProduit -- méthode BModifierProduit() -- java.lang.String cannot be cast to java.lang.Boolean
12-02-2019 20:42 -- classe ModifierProduit -- méthode BModifierProduit() -- java.lang.String cannot be cast to java.lang.Boolean
12-02-2019 20:45 -- classe ModifierProduit -- méthode BModifierProduit() -- java.lang.String cannot be cast to java.lang.Boolean
14-02-2019 20:24 -- classe AjouterAlcool -- méthode BAjouterAlcool() -- The value is not set for the parameter number 6.
14-02-2019 20:25 -- classe AjouterAlcool -- méthode BAjouterAlcool() -- The value is not set for the parameter number 6.
14-02-2019 20:27 -- classe AjouterAlcool -- méthode BAjouterAlcool() -- The value is not set for the parameter number 6.
14-02-2019 20:29 -- classe AjouterAlcool -- méthode BAjouterAlcool() -- The value is not set for the parameter number 6.
14-02-2019 20:31 -- classe AjouterAlcool -- méthode BAjouterAlcool() -- Conversion failed when converting the nvarchar value 'londre' to data type bit.
14-02-2019 20:33 -- classe AjouterAlcool -- méthode BAjouterAlcool() -- Conversion failed when converting the nvarchar value 'londre' to data type bit.
14-02-2019 20:34 -- classe AjouterAlcool -- méthode BAjouterAlcool() -- Column name or number of supplied values does not match table definition.
14-02-2019 20:35 -- classe AjouterAlcool -- méthode BAjouterAlcool() -- Column name or number of supplied values does not match table definition.
14-02-2019 20:36 -- classe AjouterAlcool -- méthode BAjouterAlcool() -- Column name or number of supplied values does not match table definition.
14-02-2019 20:37 -- classe AjouterAlcool -- méthode BAjouterAlcool() -- Column name or number of supplied values does not match table definition.
